0 info it worked if it ends with ok
1 verbose cli [ '/usr/bin/nodejs', '/usr/local/bin/npm', 'start' ]
2 info using npm@3.10.6
3 info using node@v4.2.6
4 verbose run-script [ 'prestart', 'start', 'poststart' ]
5 info lifecycle percepolis-redux@0.0.1~prestart: percepolis-redux@0.0.1
6 silly lifecycle percepolis-redux@0.0.1~prestart: no script for prestart, continuing
7 info lifecycle percepolis-redux@0.0.1~start: percepolis-redux@0.0.1
8 verbose lifecycle percepolis-redux@0.0.1~start: unsafe-perm in lifecycle true
9 verbose lifecycle percepolis-redux@0.0.1~start: PATH: /usr/local/lib/node_modules/npm/bin/node-gyp-bin:/home/kylan/Documents/percep-redux/node_modules/.bin:/home/kylan/bin:/home/kylan/.local/bin:/usr/local/sbin:/usr/local/bin:/usr/sbin:/usr/bin:/sbin:/bin:/usr/games:/usr/local/games:/snap/bin
10 verbose lifecycle percepolis-redux@0.0.1~start: CWD: /home/kylan/Documents/percep-redux
11 silly lifecycle percepolis-redux@0.0.1~start: Args: [ '-c',
11 silly lifecycle   'webpack-dev-server --inline --hot --profile --json > stats.json' ]
12 silly lifecycle percepolis-redux@0.0.1~start: Returned: code: 1  signal: null
13 info lifecycle percepolis-redux@0.0.1~start: Failed to exec start script
14 verbose stack Error: percepolis-redux@0.0.1 start: `webpack-dev-server --inline --hot --profile --json > stats.json`
14 verbose stack Exit status 1
14 verbose stack     at EventEmitter.<anonymous> (/usr/local/lib/node_modules/npm/lib/utils/lifecycle.js:255:16)
14 verbose stack     at emitTwo (events.js:87:13)
14 verbose stack     at EventEmitter.emit (events.js:172:7)
14 verbose stack     at ChildProcess.<anonymous> (/usr/local/lib/node_modules/npm/lib/utils/spawn.js:40:14)
14 verbose stack     at emitTwo (events.js:87:13)
14 verbose stack     at ChildProcess.emit (events.js:172:7)
14 verbose stack     at maybeClose (internal/child_process.js:821:16)
14 verbose stack     at Process.ChildProcess._handle.onexit (internal/child_process.js:211:5)
15 verbose pkgid percepolis-redux@0.0.1
16 verbose cwd /home/kylan/Documents/percep-redux
17 error Linux 4.4.0-64-generic
18 error argv "/usr/bin/nodejs" "/usr/local/bin/npm" "start"
19 error node v4.2.6
20 error npm  v3.10.6
21 error code ELIFECYCLE
22 error percepolis-redux@0.0.1 start: `webpack-dev-server --inline --hot --profile --json > stats.json`
22 error Exit status 1
23 error Failed at the percepolis-redux@0.0.1 start script 'webpack-dev-server --inline --hot --profile --json > stats.json'.
23 error Make sure you have the latest version of node.js and npm installed.
23 error If you do, this is most likely a problem with the percepolis-redux package,
23 error not with npm itself.
23 error Tell the author that this fails on your system:
23 error     webpack-dev-server --inline --hot --profile --json > stats.json
23 error You can get information on how to open an issue for this project with:
23 error     npm bugs percepolis-redux
23 error Or if that isn't available, you can get their info via:
23 error     npm owner ls percepolis-redux
23 error There is likely additional logging output above.
24 verbose exit [ 1, true ]
